# Logfile created on 2014-02-17 17:22:45 -0500 by logger.rb/41954
I, [2014-02-17T17:22:45.717045 #10820]  INFO -- : 0:  i18n (0.6.9) from /Users/jemonat/.rvm/gems/ruby-2.0.0-p353/specifications/i18n-0.6.9.gemspec
I, [2014-02-17T17:22:47.179696 #10820]  INFO -- : 0:  minitest (4.7.5) from /Users/jemonat/.rvm/gems/ruby-2.0.0-p353/specifications/minitest-4.7.5.gemspec
I, [2014-02-17T17:22:47.180482 #10820]  INFO -- : 0:  multi_json (1.8.4) from /Users/jemonat/.rvm/gems/ruby-2.0.0-p353/specifications/multi_json-1.8.4.gemspec
I, [2014-02-17T17:22:51.332171 #10820]  INFO -- : 0:  atomic (1.1.14) from /Users/jemonat/.rvm/gems/ruby-2.0.0-p353/specifications/atomic-1.1.14.gemspec
I, [2014-02-17T17:22:52.812875 #10820]  INFO -- : 0:  thread_safe (0.1.3) from /Users/jemonat/.rvm/gems/ruby-2.0.0-p353/specifications/thread_safe-0.1.3.gemspec
I, [2014-02-17T17:22:54.479478 #10820]  INFO -- : 0:  tzinfo (0.3.38) from /Users/jemonat/.rvm/gems/ruby-2.0.0-p353/specifications/tzinfo-0.3.38.gemspec
I, [2014-02-17T17:22:55.737528 #10820]  INFO -- : 0:  activesupport (4.0.2) from /Users/jemonat/.rvm/gems/ruby-2.0.0-p353/specifications/activesupport-4.0.2.gemspec
I, [2014-02-17T17:22:56.486324 #10820]  INFO -- : 0:  builder (3.1.4) from /Users/jemonat/.rvm/gems/ruby-2.0.0-p353/specifications/builder-3.1.4.gemspec
I, [2014-02-17T17:22:58.369685 #10820]  INFO -- : 0:  activemodel (4.0.2) from /Users/jemonat/.rvm/gems/ruby-2.0.0-p353/specifications/activemodel-4.0.2.gemspec
I, [2014-02-17T17:22:59.647863 #10820]  INFO -- : 0:  activerecord-deprecated_finders (1.0.3) from /Users/jemonat/.rvm/gems/ruby-2.0.0-p353/specifications/activerecord-deprecated_finders-1.0.3.gemspec
I, [2014-02-17T17:23:00.567393 #10820]  INFO -- : 0:  arel (4.0.2) from /Users/jemonat/.rvm/gems/ruby-2.0.0-p353/specifications/arel-4.0.2.gemspec
I, [2014-02-17T17:23:02.466203 #10820]  INFO -- : 0:  activerecord (4.0.2) from /Users/jemonat/.rvm/gems/ruby-2.0.0-p353/specifications/activerecord-4.0.2.gemspec
E, [2014-02-17T17:23:04.280206 #10820] ERROR -- : Gem::Ext::BuildError: ERROR: Failed to build gem native extension.

    /Users/jemonat/.rvm/rubies/ruby-2.0.0-p353/bin/ruby extconf.rb 
checking for pg_config... no
No pg_config... trying anyway. If building fails, please try again with
 --with-pg-config=/path/to/pg_config
checking for libpq-fe.h... no
Can't find the 'libpq-fe.h header
*** extconf.rb failed ***
Could not create Makefile due to some reason, probably lack of necessary
libraries and/or headers.  Check the mkmf.log file for more details.  You may
need configuration options.

Provided configuration options:
	--with-opt-dir
	--without-opt-dir
	--with-opt-include
	--without-opt-include=${opt-dir}/include
	--with-opt-lib
	--without-opt-lib=${opt-dir}/lib
	--with-make-prog
	--without-make-prog
	--srcdir=.
	--curdir
	--ruby=/Users/jemonat/.rvm/rubies/ruby-2.0.0-p353/bin/ruby
	--with-pg
	--without-pg
	--with-pg-config
	--without-pg-config
	--with-pg_config
	--without-pg_config
	--with-pg-dir
	--without-pg-dir
	--with-pg-include
	--without-pg-include=${pg-dir}/include
	--with-pg-lib
	--without-pg-lib=${pg-dir}/

extconf failed, exit code 1

Gem files will remain installed in /Users/jemonat/.rvm/gems/ruby-2.0.0-p353/gems/pg-0.17.1 for inspection.
Results logged to /Users/jemonat/.rvm/gems/ruby-2.0.0-p353/extensions/x86_64-darwin-12/2.0.0-static/pg-0.17.1/gem_make.out

/Users/jemonat/.rvm/rubies/ruby-2.0.0-p353/lib/ruby/site_ruby/2.0.0/rubygems/ext/builder.rb:89:in `run'  \n/Users/jemonat/.rvm/rubies/ruby-2.0.0-p353/lib/ruby/site_ruby/2.0.0/rubygems/ext/ext_conf_builder.rb:38:in `block in build'  \n/Users/jemonat/.rvm/rubies/ruby-2.0.0-p353/lib/ruby/2.0.0/tempfile.rb:324:in `open'  \n/Users/jemonat/.rvm/rubies/ruby-2.0.0-p353/lib/ruby/site_ruby/2.0.0/rubygems/ext/ext_conf_builder.rb:17:in `build'  \n/Users/jemonat/.rvm/rubies/ruby-2.0.0-p353/lib/ruby/site_ruby/2.0.0/rubygems/ext/builder.rb:161:in `block (2 levels) in build_extension'  \n/Users/jemonat/.rvm/rubies/ruby-2.0.0-p353/lib/ruby/site_ruby/2.0.0/rubygems/ext/builder.rb:160:in `chdir'  \n/Users/jemonat/.rvm/rubies/ruby-2.0.0-p353/lib/ruby/site_ruby/2.0.0/rubygems/ext/builder.rb:160:in `block in build_extension'  \n/Users/jemonat/.rvm/rubies/ruby-2.0.0-p353/lib/ruby/site_ruby/2.0.0/rubygems/ext/builder.rb:159:in `synchronize'  \n/Users/jemonat/.rvm/rubies/ruby-2.0.0-p353/lib/ruby/site_ruby/2.0.0/rubygems/ext/builder.rb:159:in `build_extension'  \n/Users/jemonat/.rvm/rubies/ruby-2.0.0-p353/lib/ruby/site_ruby/2.0.0/rubygems/ext/builder.rb:198:in `block in build_extensions'  \n/Users/jemonat/.rvm/rubies/ruby-2.0.0-p353/lib/ruby/site_ruby/2.0.0/rubygems/ext/builder.rb:195:in `each'  \n/Users/jemonat/.rvm/rubies/ruby-2.0.0-p353/lib/ruby/site_ruby/2.0.0/rubygems/ext/builder.rb:195:in `build_extensions'  \n/Users/jemonat/.rvm/rubies/ruby-2.0.0-p353/lib/ruby/site_ruby/2.0.0/rubygems/installer.rb:677:in `build_extensions'  \n/Users/jemonat/.rvm/rubies/ruby-2.0.0-p353/lib/ruby/site_ruby/2.0.0/rubygems/installer.rb:232:in `install'  \n/Users/jemonat/.rvm/gems/ruby-2.0.0-p353@global/gems/bundler-1.5.1/lib/bundler/source/rubygems.rb:101:in `block in install'  \n/Users/jemonat/.rvm/gems/ruby-2.0.0-p353@global/gems/bundler-1.5.1/lib/bundler/rubygems_integration.rb:118:in `preserve_paths'  \n/Users/jemonat/.rvm/gems/ruby-2.0.0-p353@global/gems/bundler-1.5.1/lib/bundler/source/rubygems.rb:94:in `install'  \n/Users/jemonat/.rvm/gems/ruby-2.0.0-p353@global/gems/bundler-1.5.1/lib/bundler/installer.rb:111:in `block in install_gem_from_spec'  \n/Users/jemonat/.rvm/gems/ruby-2.0.0-p353@global/gems/bundler-1.5.1/lib/bundler/rubygems_integration.rb:150:in `with_build_args'  \n/Users/jemonat/.rvm/gems/ruby-2.0.0-p353@global/gems/bundler-1.5.1/lib/bundler/installer.rb:110:in `install_gem_from_spec'  \n/Users/jemonat/.rvm/gems/ruby-2.0.0-p353@global/gems/bundler-1.5.1/lib/bundler/installer.rb:295:in `block in install_sequentially'  \n/Users/jemonat/.rvm/rubies/ruby-2.0.0-p353/lib/ruby/2.0.0/forwardable.rb:171:in `each'  \n/Users/jemonat/.rvm/rubies/ruby-2.0.0-p353/lib/ruby/2.0.0/forwardable.rb:171:in `each'  \n/Users/jemonat/.rvm/gems/ruby-2.0.0-p353@global/gems/bundler-1.5.1/lib/bundler/installer.rb:294:in `install_sequentially'  \n/Users/jemonat/.rvm/gems/ruby-2.0.0-p353@global/gems/bundler-1.5.1/lib/bundler/installer.rb:97:in `run'  \n/Users/jemonat/.rvm/gems/ruby-2.0.0-p353@global/gems/bundler-1.5.1/lib/bundler/installer.rb:15:in `install'  \n/Users/jemonat/.rvm/gems/ruby-2.0.0-p353@global/gems/bundler-1.5.1/lib/bundler/cli.rb:257:in `install'  \n/Users/jemonat/.rvm/gems/ruby-2.0.0-p353@global/gems/bundler-1.5.1/lib/bundler/vendor/thor/command.rb:27:in `run'  \n/Users/jemonat/.rvm/gems/ruby-2.0.0-p353@global/gems/bundler-1.5.1/lib/bundler/vendor/thor/invocation.rb:120:in `invoke_command'  \n/Users/jemonat/.rvm/gems/ruby-2.0.0-p353@global/gems/bundler-1.5.1/lib/bundler/vendor/thor.rb:363:in `dispatch'  \n/Users/jemonat/.rvm/gems/ruby-2.0.0-p353@global/gems/bundler-1.5.1/lib/bundler/vendor/thor/base.rb:438:in `start'  \n/Users/jemonat/.rvm/gems/ruby-2.0.0-p353@global/gems/bundler-1.5.1/lib/bundler/cli.rb:10:in `start'  \n/Users/jemonat/.rvm/gems/ruby-2.0.0-p353@global/gems/bundler-1.5.1/bin/bundle:22:in `block in <top (required)>'  \n/Users/jemonat/.rvm/gems/ruby-2.0.0-p353@global/gems/bundler-1.5.1/lib/bundler/friendly_errors.rb:5:in `with_friendly_errors'  \n/Users/jemonat/.rvm/gems/ruby-2.0.0-p353@global/gems/bundler-1.5.1/bin/bundle:22:in `<top (required)>'  \n/Users/jemonat/.rvm/gems/ruby-2.0.0-p353@global/bin/bundle:23:in `load'  \n/Users/jemonat/.rvm/gems/ruby-2.0.0-p353@global/bin/bundle:23:in `<main>'  \n/Users/jemonat/.rvm/gems/ruby-2.0.0-p353/bin/ruby_executable_hooks:15:in `eval'  \n/Users/jemonat/.rvm/gems/ruby-2.0.0-p353/bin/ruby_executable_hooks:15:in `<main>'
I, [2014-02-17T17:49:55.511465 #11638]  INFO -- : 0:  i18n (0.6.9) from /Users/jemonat/.rvm/gems/ruby-2.0.0-p353/specifications/i18n-0.6.9.gemspec
I, [2014-02-17T17:49:55.519062 #11638]  INFO -- : 0:  minitest (4.7.5) from /Users/jemonat/.rvm/gems/ruby-2.0.0-p353/specifications/minitest-4.7.5.gemspec
I, [2014-02-17T17:49:55.519670 #11638]  INFO -- : 0:  multi_json (1.8.4) from /Users/jemonat/.rvm/gems/ruby-2.0.0-p353/specifications/multi_json-1.8.4.gemspec
I, [2014-02-17T17:49:55.520277 #11638]  INFO -- : 0:  atomic (1.1.14) from /Users/jemonat/.rvm/gems/ruby-2.0.0-p353/specifications/atomic-1.1.14.gemspec
I, [2014-02-17T17:49:55.520814 #11638]  INFO -- : 0:  thread_safe (0.1.3) from /Users/jemonat/.rvm/gems/ruby-2.0.0-p353/specifications/thread_safe-0.1.3.gemspec
I, [2014-02-17T17:49:55.521332 #11638]  INFO -- : 0:  tzinfo (0.3.38) from /Users/jemonat/.rvm/gems/ruby-2.0.0-p353/specifications/tzinfo-0.3.38.gemspec
I, [2014-02-17T17:49:55.521848 #11638]  INFO -- : 0:  activesupport (4.0.2) from /Users/jemonat/.rvm/gems/ruby-2.0.0-p353/specifications/activesupport-4.0.2.gemspec
I, [2014-02-17T17:49:55.522366 #11638]  INFO -- : 0:  builder (3.1.4) from /Users/jemonat/.rvm/gems/ruby-2.0.0-p353/specifications/builder-3.1.4.gemspec
I, [2014-02-17T17:49:55.522882 #11638]  INFO -- : 0:  activemodel (4.0.2) from /Users/jemonat/.rvm/gems/ruby-2.0.0-p353/specifications/activemodel-4.0.2.gemspec
I, [2014-02-17T17:49:55.523407 #11638]  INFO -- : 0:  activerecord-deprecated_finders (1.0.3) from /Users/jemonat/.rvm/gems/ruby-2.0.0-p353/specifications/activerecord-deprecated_finders-1.0.3.gemspec
I, [2014-02-17T17:49:55.524084 #11638]  INFO -- : 0:  arel (4.0.2) from /Users/jemonat/.rvm/gems/ruby-2.0.0-p353/specifications/arel-4.0.2.gemspec
I, [2014-02-17T17:49:55.524616 #11638]  INFO -- : 0:  activerecord (4.0.2) from /Users/jemonat/.rvm/gems/ruby-2.0.0-p353/specifications/activerecord-4.0.2.gemspec
I, [2014-02-17T17:49:55.525138 #11638]  INFO -- : 0:  pg (0.17.1) from /Users/jemonat/.rvm/gems/ruby-2.0.0-p353/specifications/pg-0.17.1.gemspec
I, [2014-02-17T17:49:55.525662 #11638]  INFO -- : 0:  rack (1.5.2) from /Users/jemonat/.rvm/gems/ruby-2.0.0-p353/specifications/rack-1.5.2.gemspec
I, [2014-02-17T17:49:55.526186 #11638]  INFO -- : 0:  rack-protection (1.5.2) from /Users/jemonat/.rvm/gems/ruby-2.0.0-p353/specifications/rack-protection-1.5.2.gemspec
I, [2014-02-17T17:49:55.526693 #11638]  INFO -- : 0:  tilt (1.4.1) from /Users/jemonat/.rvm/gems/ruby-2.0.0-p353/specifications/tilt-1.4.1.gemspec
I, [2014-02-17T17:49:55.527200 #11638]  INFO -- : 0:  sinatra (1.4.4) from /Users/jemonat/.rvm/gems/ruby-2.0.0-p353/specifications/sinatra-1.4.4.gemspec
I, [2014-02-17T17:49:57.149738 #11638]  INFO -- : 0:  sinatra-activerecord (1.3.0) from /Users/jemonat/.rvm/gems/ruby-2.0.0-p353/specifications/sinatra-activerecord-1.3.0.gemspec
I, [2014-02-17T17:49:57.150490 #11638]  INFO -- : 0:  bundler (1.5.1) from /Users/jemonat/.rvm/gems/ruby-2.0.0-p353@global/specifications/bundler-1.5.1.gemspec
